Jugador :1
Nombre :a
Apellido :a
Saldo a favor : 50USD
Datos de la apuesta
Cantidad Apostado :0
Numero Apostado :0
Cantidad Apostado :0
Numeros Apostado :0
Cantidad Apostado :0
Apuesta a impar : No
Cantidad Apostado :0
Apuesta a color: No
Cantidad Apostado :0
Apuesta a Altos : No
Cantidad Apostado :0

2021/04/03 01:09:02

Jugador :2
Nombre :a
Apellido :a
Saldo a favor : 50USD
Datos de la apuesta
Cantidad Apostado :0
Numero Apostado :0
Cantidad Apostado :0
Numeros Apostado :0
Cantidad Apostado :0
Apuesta a impar : No
Cantidad Apostado :0
Apuesta a color: No
Cantidad Apostado :0
Apuesta a Altos : No
Cantidad Apostado :0

2021/04/03 01:09:02

Jugador :3
Nombre :a
Apellido :a
Saldo a favor : 50USD
Datos de la apuesta
Cantidad Apostado :0
Numero Apostado :0
Cantidad Apostado :0
Numeros Apostado :0
Cantidad Apostado :0
Apuesta a impar : No
Cantidad Apostado :0
Apuesta a color: No
Cantidad Apostado :0
Apuesta a Altos : No
Cantidad Apostado :0

2021/04/03 01:09:02

Jugador :4
Nombre :a
Apellido :a
Saldo a favor : 50USD
Datos de la apuesta
Cantidad Apostado :0
Numero Apostado :0
Cantidad Apostado :0
Numeros Apostado :0
Cantidad Apostado :0
Apuesta a impar : No
Cantidad Apostado :0
Apuesta a color: No
Cantidad Apostado :0
Apuesta a Altos : No
Cantidad Apostado :0

2021/04/03 01:09:02

